{"type":"server-started","port":51751,"host":"127.0.0.1","url_host":"localhost","url":"http://localhost:51751","screen_dir":"/Users/robinperso/Documents/perso/disposeance/.superpowers/brainstorm/17378-1776594407/content","state_dir":"/Users/robinperso/Documents/perso/disposeance/.superpowers/brainstorm/17378-1776594407/state"}
{"type":"screen-added","file":"/Users/robinperso/Documents/perso/disposeance/.superpowers/brainstorm/17378-1776594407/content/vote-cards.html"}
{"type":"screen-updated","file":"/Users/robinperso/Documents/perso/disposeance/.superpowers/brainstorm/17378-1776594407/content/vote-cards.html"}
{"type":"screen-updated","file":"/Users/robinperso/Documents/perso/disposeance/.superpowers/brainstorm/17378-1776594407/content/vote-cards.html"}
{"type":"screen-updated","file":"/Users/robinperso/Documents/perso/disposeance/.superpowers/brainstorm/17378-1776594407/content/vote-cards.html"}
{"source":"user-event","type":"click","text":"Option B — Outline jaune\n      B\n    \n    \n\n      \n      \n        \n          20:00\n          Lun 20 avr\n        \n        \n          \n          1/4\n        \n      \n\n      \n      \n        \n          21:00\n          Lun 20 avr\n        \n        \n          \n            \n            2/4\n          \n          \n        \n      \n\n      \n      \n        \n          22:30\n          Lun 20 avr\n        \n        \n          \n          0/4\n        \n      \n\n      \n        Confirmer mes disponibilités (1)","choice":"b","id":null,"timestamp":1776594448722}
{"source":"user-event","type":"click","text":"Option B — Outline jaune\n      B\n    \n    \n\n      \n      \n        \n          20:00\n          Lun 20 avr\n        \n        \n          \n          1/4\n        \n      \n\n      \n      \n        \n          21:00\n          Lun 20 avr\n        \n        \n          \n            \n            2/4\n          \n          \n        \n      \n\n      \n      \n        \n          22:30\n          Lun 20 avr\n        \n        \n          \n          0/4\n        \n      \n\n      \n        Confirmer mes disponibilités (1)","choice":"b","id":null,"timestamp":1776594449387}
{"source":"user-event","type":"click","text":"Option B — Outline jaune\n      B\n    \n    \n\n      \n      \n        \n          20:00\n          Lun 20 avr\n        \n        \n          \n          1/4\n        \n      \n\n      \n      \n        \n          21:00\n          Lun 20 avr\n        \n        \n          \n            \n            2/4\n          \n          \n        \n      \n\n      \n      \n        \n          22:30\n          Lun 20 avr\n        \n        \n          \n          0/4\n        \n      \n\n      \n        Confirmer mes disponibilités (1)","choice":"b","id":null,"timestamp":1776594449787}
{"source":"user-event","type":"click","text":"Option A — Fond jaune\n      A\n    \n    \n\n      \n      \n        \n          20:00\n          Lun 20 avr\n        \n        \n          \n          1/4\n        \n      \n\n      \n      \n        \n          21:00\n          Lun 20 avr\n        \n        \n          \n            \n            2/4\n          \n          \n        \n      \n\n      \n      \n        \n          22:30\n          Lun 20 avr\n        \n        \n          \n          0/4\n        \n      \n\n      \n        Confirmer mes disponibilités (1)","choice":"a","id":null,"timestamp":1776594476758}
{"source":"user-event","type":"click","text":"Option A — Fond jaune\n      A\n    \n    \n\n      \n      \n        \n          20:00\n          Lun 20 avr\n        \n        \n          \n          1/4\n        \n      \n\n      \n      \n        \n          21:00\n          Lun 20 avr\n        \n        \n          \n            \n            2/4\n          \n          \n        \n      \n\n      \n      \n        \n          22:30\n          Lun 20 avr\n        \n        \n          \n          0/4\n        \n      \n\n      \n        Confirmer mes disponibilités (1)","choice":"a","id":null,"timestamp":1776594478882}
{"source":"user-event","type":"click","text":"Option A — Fond jaune\n      A\n    \n    \n\n      \n      \n        \n          20:00\n          Lun 20 avr\n        \n        \n          \n          1/4\n        \n      \n\n      \n      \n        \n          21:00\n          Lun 20 avr\n        \n        \n          \n            \n            2/4\n          \n          \n        \n      \n\n      \n      \n        \n          22:30\n          Lun 20 avr\n        \n        \n          \n          0/4\n        \n      \n\n      \n        Confirmer mes disponibilités (1)","choice":"a","id":null,"timestamp":1776594479566}
{"source":"user-event","type":"click","text":"Option A — Fond jaune\n      A\n    \n    \n\n      \n      \n        \n          20:00\n          Lun 20 avr\n        \n        \n          \n          1/4\n        \n      \n\n      \n      \n        \n          21:00\n          Lun 20 avr\n        \n        \n          \n            \n            2/4\n          \n          \n        \n      \n\n      \n      \n        \n          22:30\n          Lun 20 avr\n        \n        \n          \n          0/4\n        \n      \n\n      \n        Confirmer mes disponibilités (1)","choice":"a","id":null,"timestamp":1776594480003}
{"source":"user-event","type":"click","text":"Option B — Outline jaune\n      B\n    \n    \n\n      \n      \n        \n          20:00\n          Lun 20 avr\n        \n        \n          \n          1/4\n        \n      \n\n      \n      \n        \n          21:00\n          Lun 20 avr\n        \n        \n          \n            \n            2/4\n          \n          \n        \n      \n\n      \n      \n        \n          22:30\n          Lun 20 avr\n        \n        \n          \n          0/4\n        \n      \n\n      \n        Confirmer mes disponibilités (1)","choice":"b","id":null,"timestamp":1776594480445}
{"type":"screen-added","file":"/Users/robinperso/Documents/perso/disposeance/.superpowers/brainstorm/17378-1776594407/content/full-page.html"}
{"type":"screen-updated","file":"/Users/robinperso/Documents/perso/disposeance/.superpowers/brainstorm/17378-1776594407/content/full-page.html"}
{"type":"screen-updated","file":"/Users/robinperso/Documents/perso/disposeance/.superpowers/brainstorm/17378-1776594407/content/full-page.html"}
{"type":"screen-updated","file":"/Users/robinperso/Documents/perso/disposeance/.superpowers/brainstorm/17378-1776594407/content/full-page.html"}
{"type":"screen-added","file":"/Users/robinperso/Documents/perso/disposeance/.superpowers/brainstorm/17378-1776594407/content/buttons-v2.html"}
{"type":"screen-updated","file":"/Users/robinperso/Documents/perso/disposeance/.superpowers/brainstorm/17378-1776594407/content/buttons-v2.html"}
{"type":"screen-updated","file":"/Users/robinperso/Documents/perso/disposeance/.superpowers/brainstorm/17378-1776594407/content/buttons-v2.html"}
{"type":"screen-updated","file":"/Users/robinperso/Documents/perso/disposeance/.superpowers/brainstorm/17378-1776594407/content/buttons-v2.html"}
{"type":"screen-updated","file":"/Users/robinperso/Documents/perso/disposeance/.superpowers/brainstorm/17378-1776594407/content/buttons-v2.html"}
{"type":"screen-added","file":"/Users/robinperso/Documents/perso/disposeance/.superpowers/brainstorm/17378-1776594407/content/sharecard.html"}
{"type":"screen-updated","file":"/Users/robinperso/Documents/perso/disposeance/.superpowers/brainstorm/17378-1776594407/content/sharecard.html"}
{"type":"screen-updated","file":"/Users/robinperso/Documents/perso/disposeance/.superpowers/brainstorm/17378-1776594407/content/sharecard.html"}
{"type":"screen-updated","file":"/Users/robinperso/Documents/perso/disposeance/.superpowers/brainstorm/17378-1776594407/content/sharecard.html"}
{"type":"server-stopped","reason":"idle timeout"}
